e:\c.---c.---java-exercise\cppcode\c++进阶练习\c++进阶练习\debug\vc143.pdb
e:\c.---c.---java-exercise\cppcode\c++进阶练习\c++进阶练习\debug\vc143.idb
e:\c.---c.---java-exercise\cppcode\c++进阶练习\c++进阶练习\debug\引用的本质.obj
e:\c.---c.---java-exercise\cppcode\c++进阶练习\c++进阶练习\debug\引用注意事项.obj
e:\c.---c.---java-exercise\cppcode\c++进阶练习\c++进阶练习\debug\引用基本语法.obj
e:\c.---c.---java-exercise\cppcode\c++进阶练习\c++进阶练习\debug\引用做函数返回值.obj
e:\c.---c.---java-exercise\cppcode\c++进阶练习\c++进阶练习\debug\引用做函数参数.obj
e:\c.---c.---java-exercise\cppcode\c++进阶练习\c++进阶练习\debug\常量引用.obj
e:\c.---c.---java-exercise\cppcode\c++进阶练习\c++进阶练习\debug\封装示例2.obj
e:\c.---c.---java-exercise\cppcode\c++进阶练习\c++进阶练习\debug\封装的意义.obj
e:\c.---c.---java-exercise\cppcode\c++进阶练习\c++进阶练习\debug\封装意义2.obj
e:\c.---c.---java-exercise\cppcode\c++进阶练习\c++进阶练习\debug\堆区.obj
e:\c.---c.---java-exercise\cppcode\c++进阶练习\c++进阶练习\debug\函数默认参数.obj
e:\c.---c.---java-exercise\cppcode\c++进阶练习\c++进阶练习\debug\函数重载的注意事项.obj
e:\c.---c.---java-exercise\cppcode\c++进阶练习\c++进阶练习\debug\函数重载概述.obj
e:\c.---c.---java-exercise\cppcode\c++进阶练习\c++进阶练习\debug\函数占位参数.obj
e:\c.---c.---java-exercise\cppcode\c++进阶练习\c++进阶练习\debug\全局区.obj
e:\c.---c.---java-exercise\cppcode\c++进阶练习\c++进阶练习\debug\struct和class的区别.obj
e:\c.---c.---java-exercise\cppcode\c++进阶练习\c++进阶练习\debug\point.obj
e:\c.---c.---java-exercise\cppcode\c++进阶练习\c++进阶练习\debug\new操作符.obj
e:\c.---c.---java-exercise\cppcode\c++进阶练习\c++进阶练习\debug\circle.obj
e:\c.---c.---java-exercise\cppcode\c++进阶练习\c++进阶练习\debug\设计案例1：立方体类.obj
e:\c.---c.---java-exercise\cppcode\c++进阶练习\c++进阶练习\debug\练习案例2：点和圆的关系.obj
e:\c.---c.---java-exercise\cppcode\c++进阶练习\c++进阶练习\debug\模版.obj
e:\c.---c.---java-exercise\cppcode\c++进阶练习\c++进阶练习\debug\栈区.obj
e:\c.---c.---java-exercise\cppcode\c++进阶练习\c++进阶练习\debug\成员属性设置为私有.obj
e:\c.---c.---java-exercise\cppcode\c++进阶练习\debug\c++进阶练习.pdb
e:\c.---c.---java-exercise\cppcode\c++进阶练习\c++进阶练习\debug\c++进阶练习.tlog\cl.command.1.tlog
e:\c.---c.---java-exercise\cppcode\c++进阶练习\c++进阶练习\debug\c++进阶练习.tlog\cl.read.1.tlog
e:\c.---c.---java-exercise\cppcode\c++进阶练习\c++进阶练习\debug\c++进阶练习.tlog\cl.write.1.tlog
e:\c.---c.---java-exercise\cppcode\c++进阶练习\c++进阶练习\debug\c++进阶练习.tlog\link-cvtres.read.1.tlog
e:\c.---c.---java-exercise\cppcode\c++进阶练习\c++进阶练习\debug\c++进阶练习.tlog\link-cvtres.write.1.tlog
e:\c.---c.---java-exercise\cppcode\c++进阶练习\c++进阶练习\debug\c++进阶练习.tlog\link-rc.read.1.tlog
e:\c.---c.---java-exercise\cppcode\c++进阶练习\c++进阶练习\debug\c++进阶练习.tlog\link-rc.write.1.tlog
e:\c.---c.---java-exercise\cppcode\c++进阶练习\c++进阶练习\debug\c++进阶练习.tlog\link.command.1.tlog
e:\c.---c.---java-exercise\cppcode\c++进阶练习\c++进阶练习\debug\c++进阶练习.tlog\link.read.1.tlog
e:\c.---c.---java-exercise\cppcode\c++进阶练习\c++进阶练习\debug\c++进阶练习.tlog\link.write.1.tlog
