  Circle.cpp
  new操作符.cpp
  point.h
  point.cpp
  struct和class的区别.cpp
  全局区.cpp
  函数占位参数.cpp
  函数重载概述.cpp
  函数重载的注意事项.cpp
  函数默认参数.cpp
  堆区.cpp
  封装意义2.cpp
  封装的意义.cpp
  封装示例2.cpp
  常量引用.cpp
  引用做函数参数.cpp
  引用做函数返回值.cpp
  引用基本语法.cpp
  引用注意事项.cpp
  引用的本质.cpp
  正在编译...
  成员属性设置为私有.cpp
  栈区.cpp
  模版.cpp
  练习案例2：点和圆的关系.cpp
  设计案例1：立方体类.cpp
C++进阶练习\Release\point.obj : warning LNK4042: 对象被多次指定；已忽略多余的指定
练习案例2：点和圆的关系.obj : error LNK2001: 无法解析的外部符号 "public: int __thiscall Point::getY(void)" (?getY@Point@@QAEHXZ)
练习案例2：点和圆的关系.obj : error LNK2001: 无法解析的外部符号 "public: void __thiscall Point::setY(int)" (?setY@Point@@QAEXH@Z)
练习案例2：点和圆的关系.obj : error LNK2001: 无法解析的外部符号 "public: int __thiscall Point::getX(void)" (?getX@Point@@QAEHXZ)
练习案例2：点和圆的关系.obj : error LNK2001: 无法解析的外部符号 "public: void __thiscall Point::setX(int)" (?setX@Point@@QAEXH@Z)
E:\c.---c.---java-exercise\cppCode\C++进阶练习\Release\C++进阶练习.exe : fatal error LNK1120: 4 个无法解析的外部命令
