e:\c.---c.---java-exercise\cppcode\对象的初始化和清理\对象的初始化和清理\debug\vc143.pdb
e:\c.---c.---java-exercise\cppcode\对象的初始化和清理\对象的初始化和清理\debug\vc143.idb
e:\c.---c.---java-exercise\cppcode\对象的初始化和清理\对象的初始化和清理\debug\空指针访问成员函数.obj
e:\c.---c.---java-exercise\cppcode\对象的初始化和清理\对象的初始化和清理\debug\深拷贝和浅拷贝.obj
e:\c.---c.---java-exercise\cppcode\对象的初始化和清理\对象的初始化和清理\debug\模版.obj
e:\c.---c.---java-exercise\cppcode\对象的初始化和清理\对象的初始化和清理\debug\构造函数调用规则.obj
e:\c.---c.---java-exercise\cppcode\对象的初始化和清理\对象的初始化和清理\debug\构造函数的分类和调用.obj
e:\c.---c.---java-exercise\cppcode\对象的初始化和清理\对象的初始化和清理\debug\构造函数和析构函数.obj
e:\c.---c.---java-exercise\cppcode\对象的初始化和清理\对象的初始化和清理\debug\拷贝构造函数调用时机.obj
e:\c.---c.---java-exercise\cppcode\对象的初始化和清理\对象的初始化和清理\debug\成员变量和成员函数分开存储.obj
e:\c.---c.---java-exercise\cppcode\对象的初始化和清理\对象的初始化和清理\debug\成员函数做友元.obj
e:\c.---c.---java-exercise\cppcode\对象的初始化和清理\对象的初始化和清理\debug\左移运算符重载.obj
e:\c.---c.---java-exercise\cppcode\对象的初始化和清理\对象的初始化和清理\debug\多继承语法.obj
e:\c.---c.---java-exercise\cppcode\对象的初始化和清理\对象的初始化和清理\debug\多态案例一 - 计算机类.obj
e:\c.---c.---java-exercise\cppcode\对象的初始化和清理\对象的初始化和清理\debug\多态基本概念.obj
e:\c.---c.---java-exercise\cppcode\对象的初始化和清理\对象的初始化和清理\debug\加号运算符重载.obj
e:\c.---c.---java-exercise\cppcode\对象的初始化和清理\对象的初始化和清理\debug\初始化列表.obj
e:\c.---c.---java-exercise\cppcode\对象的初始化和清理\对象的初始化和清理\debug\函数调用运算符重载.obj
e:\c.---c.---java-exercise\cppcode\对象的初始化和清理\对象的初始化和清理\debug\关系运算符重载.obj
e:\c.---c.---java-exercise\cppcode\对象的初始化和清理\对象的初始化和清理\debug\全局函数做友元.obj
e:\c.---c.---java-exercise\cppcode\对象的初始化和清理\对象的初始化和清理\debug\this指针概念.obj
e:\c.---c.---java-exercise\cppcode\对象的初始化和清理\对象的初始化和清理\debug\const修饰成员函数.obj
e:\c.---c.---java-exercise\cppcode\对象的初始化和清理\对象的初始化和清理\debug\静态成员-静态成员函数.obj
e:\c.---c.---java-exercise\cppcode\对象的初始化和清理\对象的初始化和清理\debug\静态对象-静态成员变量.obj
e:\c.---c.---java-exercise\cppcode\对象的初始化和清理\对象的初始化和清理\debug\递增运算符重载.obj
e:\c.---c.---java-exercise\cppcode\对象的初始化和清理\对象的初始化和清理\debug\赋值运算符重载.obj
e:\c.---c.---java-exercise\cppcode\对象的初始化和清理\对象的初始化和清理\debug\菱形继承.obj
e:\c.---c.---java-exercise\cppcode\对象的初始化和清理\对象的初始化和清理\debug\继承的基本语法.obj
e:\c.---c.---java-exercise\cppcode\对象的初始化和清理\对象的初始化和清理\debug\继承方式.obj
e:\c.---c.---java-exercise\cppcode\对象的初始化和清理\对象的初始化和清理\debug\继承同名静态成员处理方式.obj
e:\c.---c.---java-exercise\cppcode\对象的初始化和清理\对象的初始化和清理\debug\继承同名成员处理方式.obj
e:\c.---c.---java-exercise\cppcode\对象的初始化和清理\对象的初始化和清理\debug\继承中的对象模型.obj
e:\c.---c.---java-exercise\cppcode\对象的初始化和清理\对象的初始化和清理\debug\继承中构造和析构顺序.obj
e:\c.---c.---java-exercise\cppcode\对象的初始化和清理\对象的初始化和清理\debug\纯虚函数和抽象类.obj
e:\c.---c.---java-exercise\cppcode\对象的初始化和清理\对象的初始化和清理\debug\类对象作为类成员.obj
e:\c.---c.---java-exercise\cppcode\对象的初始化和清理\对象的初始化和清理\debug\类做友元.obj
e:\c.---c.---java-exercise\cppcode\对象的初始化和清理\debug\对象的初始化和清理.exe
e:\c.---c.---java-exercise\cppcode\对象的初始化和清理\debug\对象的初始化和清理.pdb
e:\c.---c.---java-exercise\cppcode\对象的初始化和清理\对象的初始化和清理\debug\对象的初始化和清理.ilk
e:\c.---c.---java-exercise\cppcode\对象的初始化和清理\对象的初始化和清理\debug\对象的初始化和清理.tlog\cl.command.1.tlog
e:\c.---c.---java-exercise\cppcode\对象的初始化和清理\对象的初始化和清理\debug\对象的初始化和清理.tlog\cl.items.tlog
e:\c.---c.---java-exercise\cppcode\对象的初始化和清理\对象的初始化和清理\debug\对象的初始化和清理.tlog\cl.read.1.tlog
e:\c.---c.---java-exercise\cppcode\对象的初始化和清理\对象的初始化和清理\debug\对象的初始化和清理.tlog\cl.write.1.tlog
e:\c.---c.---java-exercise\cppcode\对象的初始化和清理\对象的初始化和清理\debug\对象的初始化和清理.tlog\link.command.1.tlog
e:\c.---c.---java-exercise\cppcode\对象的初始化和清理\对象的初始化和清理\debug\对象的初始化和清理.tlog\link.read.1.tlog
e:\c.---c.---java-exercise\cppcode\对象的初始化和清理\对象的初始化和清理\debug\对象的初始化和清理.tlog\link.secondary.1.tlog
e:\c.---c.---java-exercise\cppcode\对象的初始化和清理\对象的初始化和清理\debug\对象的初始化和清理.tlog\link.write.1.tlog
