c:\users\administrator\desktop\算法可视化\旅行商问题\旅行商问题\x64\debug\vc143.pdb
c:\users\administrator\desktop\算法可视化\旅行商问题\旅行商问题\x64\debug\vc143.idb
c:\users\administrator\desktop\算法可视化\旅行商问题\旅行商问题\x64\debug\qtwidgetsapplication.obj
c:\users\administrator\desktop\算法可视化\旅行商问题\旅行商问题\x64\debug\qrc_qtwidgetsapplication.obj
c:\users\administrator\desktop\算法可视化\旅行商问题\旅行商问题\x64\debug\moc_qtwidgetsapplication.obj
c:\users\administrator\desktop\算法可视化\旅行商问题\旅行商问题\x64\debug\main.obj
c:\users\administrator\desktop\算法可视化\旅行商问题\旅行商问题\x64\debug\moc_tsp.obj
c:\users\administrator\desktop\算法可视化\旅行商问题\旅行商问题\x64\debug\moc\main.moc
c:\users\administrator\desktop\算法可视化\旅行商问题\旅行商问题\x64\debug\rcc\qrc_qtwidgetsapplication.cpp
c:\users\administrator\desktop\算法可视化\旅行商问题\旅行商问题\x64\debug\uic\ui_qtwidgetsapplication.h
c:\users\administrator\desktop\算法可视化\旅行商问题\旅行商问题\x64\debug\moc\moc_qtwidgetsapplication.cpp
c:\users\administrator\desktop\算法可视化\旅行商问题\旅行商问题\x64\debug\moc\moc_tsp.cpp
c:\users\administrator\desktop\算法可视化\旅行商问题\旅行商问题\x64\debug\旅行商问题.ilk
c:\users\administrator\desktop\算法可视化\旅行商问题\x64\debug\旅行商问题.pdb
c:\users\administrator\desktop\算法可视化\旅行商问题\旅行商问题\x64\debug\旅行商问题.tlog\cl.command.1.tlog
c:\users\administrator\desktop\算法可视化\旅行商问题\旅行商问题\x64\debug\旅行商问题.tlog\cl.items.tlog
c:\users\administrator\desktop\算法可视化\旅行商问题\旅行商问题\x64\debug\旅行商问题.tlog\cl.read.1.tlog
c:\users\administrator\desktop\算法可视化\旅行商问题\旅行商问题\x64\debug\旅行商问题.tlog\cl.write.1.tlog
c:\users\administrator\desktop\算法可视化\旅行商问题\旅行商问题\x64\debug\旅行商问题.tlog\link-cvtres.read.1.tlog
c:\users\administrator\desktop\算法可视化\旅行商问题\旅行商问题\x64\debug\旅行商问题.tlog\link-cvtres.write.1.tlog
c:\users\administrator\desktop\算法可视化\旅行商问题\旅行商问题\x64\debug\旅行商问题.tlog\link-rc.read.1.tlog
c:\users\administrator\desktop\算法可视化\旅行商问题\旅行商问题\x64\debug\旅行商问题.tlog\link-rc.write.1.tlog
c:\users\administrator\desktop\算法可视化\旅行商问题\旅行商问题\x64\debug\旅行商问题.tlog\link.24108-cvtres.read.1.tlog
c:\users\administrator\desktop\算法可视化\旅行商问题\旅行商问题\x64\debug\旅行商问题.tlog\link.24108-cvtres.write.1.tlog
c:\users\administrator\desktop\算法可视化\旅行商问题\旅行商问题\x64\debug\旅行商问题.tlog\link.24108-rc.read.1.tlog
c:\users\administrator\desktop\算法可视化\旅行商问题\旅行商问题\x64\debug\旅行商问题.tlog\link.24108-rc.write.1.tlog
c:\users\administrator\desktop\算法可视化\旅行商问题\旅行商问题\x64\debug\旅行商问题.tlog\link.24108.read.1.tlog
c:\users\administrator\desktop\算法可视化\旅行商问题\旅行商问题\x64\debug\旅行商问题.tlog\link.24108.read.2.tlog
c:\users\administrator\desktop\算法可视化\旅行商问题\旅行商问题\x64\debug\旅行商问题.tlog\link.24108.read.3.tlog
c:\users\administrator\desktop\算法可视化\旅行商问题\旅行商问题\x64\debug\旅行商问题.tlog\link.24108.read.4.tlog
c:\users\administrator\desktop\算法可视化\旅行商问题\旅行商问题\x64\debug\旅行商问题.tlog\link.24108.write.1.tlog
c:\users\administrator\desktop\算法可视化\旅行商问题\旅行商问题\x64\debug\旅行商问题.tlog\link.command.1.tlog
c:\users\administrator\desktop\算法可视化\旅行商问题\旅行商问题\x64\debug\旅行商问题.tlog\link.read.1.tlog
c:\users\administrator\desktop\算法可视化\旅行商问题\旅行商问题\x64\debug\旅行商问题.tlog\link.read.2.tlog
c:\users\administrator\desktop\算法可视化\旅行商问题\旅行商问题\x64\debug\旅行商问题.tlog\link.read.3.tlog
c:\users\administrator\desktop\算法可视化\旅行商问题\旅行商问题\x64\debug\旅行商问题.tlog\link.read.4.tlog
c:\users\administrator\desktop\算法可视化\旅行商问题\旅行商问题\x64\debug\旅行商问题.tlog\link.secondary.1.tlog
c:\users\administrator\desktop\算法可视化\旅行商问题\旅行商问题\x64\debug\旅行商问题.tlog\link.write.1.tlog
c:\users\administrator\desktop\算法可视化\旅行商问题\旅行商问题\x64\debug\旅行商问题.tlog\moc.read.1u.tlog
c:\users\administrator\desktop\算法可视化\旅行商问题\旅行商问题\x64\debug\旅行商问题.tlog\moc.write.1u.tlog
c:\users\administrator\desktop\算法可视化\旅行商问题\旅行商问题\x64\debug\旅行商问题.tlog\rcc.read.1u.tlog
c:\users\administrator\desktop\算法可视化\旅行商问题\旅行商问题\x64\debug\旅行商问题.tlog\rcc.write.1u.tlog
c:\users\administrator\desktop\算法可视化\旅行商问题\旅行商问题\x64\debug\旅行商问题.tlog\uic.read.1u.tlog
c:\users\administrator\desktop\算法可视化\旅行商问题\旅行商问题\x64\debug\旅行商问题.tlog\uic.write.1u.tlog
c:\users\administrator\desktop\算法可视化\旅行商问题\旅行商问题\x64\debug\旅行商问题.tlog\旅行商问题.write.1u.tlog
