  Circle.cpp
  new操作符.cpp
  point.h
  point.cpp
  struct和class的区别.cpp
  全局区.cpp
  函数占位参数.cpp
  函数重载概述.cpp
  函数重载的注意事项.cpp
  函数默认参数.cpp
  堆区.cpp
  封装意义2.cpp
  封装的意义.cpp
  封装示例2.cpp
  常量引用.cpp
  引用做函数参数.cpp
  引用做函数返回值.cpp
  引用基本语法.cpp
  引用注意事项.cpp
  引用的本质.cpp
  正在生成代码...
  正在编译...
  成员属性设置为私有.cpp
  栈区.cpp
  模版.cpp
  练习案例2：点和圆的关系.cpp
  设计案例1：立方体类.cpp
  正在生成代码...
C++进阶练习\x64\Debug\point.obj : warning LNK4042: 对象被多次指定；已忽略多余的指定
练习案例2：点和圆的关系.obj : error LNK2019: 无法解析的外部符号 "public: void __cdecl Point::setX(int)" (?setX@Point@@QEAAXH@Z)，函数 main 中引用了该符号
练习案例2：点和圆的关系.obj : error LNK2019: 无法解析的外部符号 "public: int __cdecl Point::getX(void)" (?getX@Point@@QEAAHXZ)，函数 "void __cdecl isInCircle(class Circle &,class Point &)" (?isInCircle@@YAXAEAVCircle@@AEAVPoint@@@Z) 中引用了该符号
练习案例2：点和圆的关系.obj : error LNK2019: 无法解析的外部符号 "public: void __cdecl Point::setY(int)" (?setY@Point@@QEAAXH@Z)，函数 main 中引用了该符号
练习案例2：点和圆的关系.obj : error LNK2019: 无法解析的外部符号 "public: int __cdecl Point::getY(void)" (?getY@Point@@QEAAHXZ)，函数 "void __cdecl isInCircle(class Circle &,class Point &)" (?isInCircle@@YAXAEAVCircle@@AEAVPoint@@@Z) 中引用了该符号
E:\c.---c.---java-exercise\cppCode\C++进阶练习\x64\Debug\C++进阶练习.exe : fatal error LNK1120: 4 个无法解析的外部命令
